<?xml version="1.0" encoding="UTF-8"?>
<testsuite name="com.example.timerapp.AlarmSchedulerTest" tests="10" skipped="0" failures="0" errors="0" timestamp="2026-05-25T12:46:22.001Z" hostname="LIMPAN" time="3.879">
  <properties/>
  <testcase name="getPausedRemainingMsReturnsMinusOneWhenUnset" classname="com.example.timerapp.AlarmSchedulerTest" time="2.001"/>
  <testcase name="scheduleSetsAlarmClock" classname="com.example.timerapp.AlarmSchedulerTest" time="0.233"/>
  <testcase name="resumeSchedulesNewAlarmAndClearsPausedRemaining" classname="com.example.timerapp.AlarmSchedulerTest" time="0.204"/>
  <testcase name="getScheduledPresetIdReturnsMinusOneWhenUnset" classname="com.example.timerapp.AlarmSchedulerTest" time="0.215"/>
  <testcase name="pauseWhenNoFireTimeIsNoOp" classname="com.example.timerapp.AlarmSchedulerTest" time="0.209"/>
  <testcase name="getScheduledFireTimeReturnsMinusOneWhenUnset" classname="com.example.timerapp.AlarmSchedulerTest" time="0.213"/>
  <testcase name="cancelClearsAllThreeKeysAndCancelsAlarm" classname="com.example.timerapp.AlarmSchedulerTest" time="0.206"/>
  <testcase name="schedulePersistsFireTimeAndPresetIdAndClearsPaused" classname="com.example.timerapp.AlarmSchedulerTest" time="0.198"/>
  <testcase name="resumeWhenNoPausedRemainingIsNoOp" classname="com.example.timerapp.AlarmSchedulerTest" time="0.207"/>
  <testcase name="pauseStoresRemainingClearsFireTimeKeepsPresetIdCancelsAlarm" classname="com.example.timerapp.AlarmSchedulerTest" time="0.188"/>
  <system-out><![CDATA[]]></system-out>
  <system-err><![CDATA[WARNING: A Java agent has been loaded dynamically (C:\Users\linnr\.gradle\caches\modules-2\files-2.1\net.bytebuddy\byte-buddy-agent\1.14.17\e3c251a39dc90badaf71c83427ba46840f219d8d\byte-buddy-agent-1.14.17.jar)
WARNING: If a serviceability tool is in use, please run with -XX:+EnableDynamicAgentLoading to hide this warning
WARNING: If a serviceability tool is not in use, please run with -Djdk.instrument.traceUsage for more information
WARNING: Dynamic loading of agents will be disallowed by default in a future release
]]></system-err>
</testsuite>
